
> snail-hosts@0.1.3 start /Users/weilong/web/github/snail-hosts
> gulp

[10:10:36] Using gulpfile ~/web/github/snail-hosts/gulpfile.js
[10:10:36] Starting 'option-js'...
[10:10:36] Starting 'popup-js'...
[10:10:36] Starting 'script-js'...
[10:10:36] Starting 'background-js'...
[10:10:36] Starting 'css'...
[10:10:36] Finished 'background-js' after 252 ms
[10:10:36] Finished 'css' after 252 ms
[10:10:36] Finished 'script-js' after 256 ms
[10:10:40] Finished 'option-js' after 4.56 s
[10:10:40] Finished 'popup-js' after 4.54 s
[10:10:40] Starting 'default'...
[10:10:40] Finished 'default' after 23 ms
[10:12:39] Starting 'popup-js'...
[10:12:39] Starting 'option-js'...
[10:12:39] Starting 'script-js'...
[10:12:39] Starting 'background-js'...
[10:12:39] Finished 'background-js' after 60 ms
[10:12:39] Finished 'script-js' after 62 ms
[10:12:42] Finished 'popup-js' after 3.22 s
[10:12:42] Finished 'option-js' after 3.19 s
[10:14:23] Starting 'popup-js'...
[10:14:23] Starting 'option-js'...
[10:14:23] Starting 'script-js'...
[10:14:23] Starting 'background-js'...
[10:14:23] Finished 'background-js' after 41 ms
[10:14:23] Finished 'script-js' after 43 ms
[10:14:26] Starting 'script-js'...
[10:14:26] Starting 'background-js'...
[10:14:26] Finished 'popup-js' after 3.35 s
[10:14:26] Finished 'option-js' after 3.34 s
[10:14:26] Finished 'background-js' after 39 ms
[10:14:26] Finished 'script-js' after 40 ms
[10:15:23] Starting 'popup-js'...
[10:15:23] Starting 'option-js'...
[10:15:23] Starting 'script-js'...
[10:15:23] Starting 'background-js'...
[10:15:23] Finished 'background-js' after 34 ms
[10:15:23] Finished 'script-js' after 35 ms
[10:15:26] Finished 'option-js' after 3.04 s
[10:15:26] Finished 'popup-js' after 3.04 s
[10:15:47] Starting 'popup-js'...
[10:15:47] Starting 'option-js'...
[10:15:47] Starting 'script-js'...
[10:15:47] Starting 'background-js'...
[10:15:47] Finished 'script-js' after 29 ms
[10:15:47] Finished 'background-js' after 28 ms
[10:15:49] Finished 'popup-js' after 2.33 s
[10:15:49] Finished 'option-js' after 2.33 s
[10:17:42] Starting 'popup-js'...
[10:17:42] Starting 'option-js'...
[10:17:42] Starting 'script-js'...
[10:17:42] Starting 'background-js'...
[10:17:42] Finished 'script-js' after 81 ms
[10:17:42] Finished 'background-js' after 81 ms
[10:17:45] Finished 'popup-js' after 3.57 s
[10:17:45] Finished 'option-js' after 3.54 s
[10:56:55] Starting 'popup-js'...
[10:56:55] Starting 'option-js'...
[10:56:55] Starting 'script-js'...
[10:56:55] Starting 'background-js'...
[10:56:55] Finished 'background-js' after 98 ms
[10:56:55] Finished 'script-js' after 100 ms
[10:56:59] Starting 'script-js'...
[10:56:59] Starting 'background-js'...
[10:56:59] Finished 'option-js' after 3.99 s
[10:56:59] Finished 'popup-js' after 4.02 s
[10:56:59] Finished 'background-js' after 35 ms
[10:56:59] Finished 'script-js' after 37 ms
[10:57:03] Starting 'popup-js'...
[10:57:03] Starting 'option-js'...
[10:57:03] Starting 'script-js'...
[10:57:03] Starting 'background-js'...
[10:57:03] Finished 'background-js' after 34 ms
[10:57:03] Finished 'script-js' after 37 ms
[10:57:06] Finished 'popup-js' after 3.1 s
[10:57:06] Finished 'option-js' after 3.1 s
[11:01:54] Starting 'popup-js'...
[11:01:54] Starting 'option-js'...
[11:01:54] Starting 'script-js'...
[11:01:54] Starting 'background-js'...
[11:01:54] Finished 'script-js' after 78 ms
[11:01:54] Finished 'background-js' after 76 ms
[11:01:58] Finished 'popup-js' after 4.25 s
[11:01:58] Finished 'option-js' after 4.24 s
[11:02:44] Starting 'popup-js'...
[11:02:44] Starting 'option-js'...
[11:02:44] Starting 'script-js'...
[11:02:44] Starting 'background-js'...
[11:02:44] Finished 'script-js' after 38 ms
[11:02:44] Finished 'background-js' after 37 ms
[11:02:48] Finished 'option-js' after 3.54 s
[11:02:48] Finished 'popup-js' after 3.54 s
[11:02:58] Starting 'popup-js'...
[11:02:58] Starting 'option-js'...
[11:02:58] Starting 'script-js'...
[11:02:58] Starting 'background-js'...
[11:02:58] Finished 'script-js' after 49 ms
[11:02:58] Finished 'background-js' after 49 ms
[11:03:01] Finished 'popup-js' after 3.23 s
[11:03:01] Finished 'option-js' after 3.23 s
[11:03:14] Starting 'popup-js'...
[11:03:14] Starting 'option-js'...
[11:03:14] Starting 'script-js'...
[11:03:14] Starting 'background-js'...
[11:03:14] Finished 'script-js' after 43 ms
[11:03:14] Finished 'background-js' after 42 ms
[11:03:17] Starting 'script-js'...
[11:03:17] Starting 'background-js'...
[11:03:17] Finished 'option-js' after 3.4 s
[11:03:17] Finished 'popup-js' after 3.4 s
[11:03:17] Finished 'background-js' after 43 ms
[11:03:17] Finished 'script-js' after 47 ms
[11:04:39] Starting 'popup-js'...
[11:04:39] Starting 'option-js'...
[11:04:39] Starting 'script-js'...
[11:04:39] Starting 'background-js'...
[11:04:39] Finished 'script-js' after 60 ms
[11:04:39] Finished 'background-js' after 60 ms
[11:04:43] Finished 'popup-js' after 3.92 s
[11:04:43] Finished 'option-js' after 3.87 s
[11:05:40] Starting 'popup-js'...
[11:05:40] Starting 'option-js'...
[11:05:40] Starting 'script-js'...
[11:05:40] Starting 'background-js'...
[11:05:40] Finished 'script-js' after 58 ms
[11:05:40] Finished 'background-js' after 57 ms
[11:05:44] Finished 'option-js' after 3.68 s
[11:05:44] Finished 'popup-js' after 3.68 s
[11:08:05] Starting 'popup-js'...
[11:08:05] Starting 'option-js'...
[11:08:05] Starting 'script-js'...
[11:08:05] Starting 'background-js'...
[11:08:05] Finished 'script-js' after 65 ms
[11:08:05] Finished 'background-js' after 64 ms
[11:08:09] Finished 'popup-js' after 3.8 s
[11:08:09] Finished 'option-js' after 3.79 s
[11:08:41] Starting 'popup-js'...
[11:08:41] Starting 'option-js'...
[11:08:41] Starting 'script-js'...
[11:08:41] Starting 'background-js'...
[11:08:41] Finished 'background-js' after 56 ms
[11:08:41] Finished 'script-js' after 58 ms
[11:08:44] Finished 'popup-js' after 3.51 s
[11:08:44] Finished 'option-js' after 3.51 s
[11:08:59] Starting 'popup-js'...
[11:08:59] Starting 'option-js'...
[11:08:59] Starting 'script-js'...
[11:08:59] Starting 'background-js'...
[11:08:59] Finished 'script-js' after 46 ms
[11:08:59] Finished 'background-js' after 45 ms
[11:09:02] Finished 'popup-js' after 3.09 s
[11:09:02] Finished 'option-js' after 3.09 s
[11:09:53] Starting 'popup-js'...
[11:09:53] Starting 'option-js'...
[11:09:53] Starting 'script-js'...
[11:09:53] Starting 'background-js'...
[11:09:53] Finished 'script-js' after 60 ms
[11:09:53] Finished 'background-js' after 49 ms
[11:09:57] Finished 'popup-js' after 4.12 s
[11:09:57] Finished 'option-js' after 4.12 s
[11:10:46] Starting 'popup-js'...
[11:10:46] Starting 'option-js'...
[11:10:46] Starting 'script-js'...
[11:10:46] Starting 'background-js'...
[11:10:46] Finished 'background-js' after 45 ms
[11:10:46] Finished 'script-js' after 46 ms
[11:10:50] Finished 'popup-js' after 3.97 s
[11:10:50] Finished 'option-js' after 3.96 s
[11:11:27] Starting 'popup-js'...
[11:11:27] Starting 'option-js'...
[11:11:27] Starting 'script-js'...
[11:11:27] Starting 'background-js'...
[11:11:27] Finished 'background-js' after 39 ms
[11:11:27] Finished 'script-js' after 40 ms
[11:11:30] Finished 'popup-js' after 3.39 s
[11:11:30] Finished 'option-js' after 3.38 s
[11:11:45] Starting 'popup-js'...
[11:11:45] Starting 'option-js'...
[11:11:45] Starting 'script-js'...
[11:11:45] Starting 'background-js'...
[11:11:45] Finished 'script-js' after 37 ms
[11:11:45] Finished 'background-js' after 36 ms
[11:11:48] Finished 'popup-js' after 3.5 s
[11:11:48] Finished 'option-js' after 3.5 s
[11:11:53] Starting 'popup-js'...
[11:11:53] Starting 'option-js'...
[11:11:53] Starting 'script-js'...
[11:11:53] Starting 'background-js'...
[11:11:53] Finished 'background-js' after 30 ms
[11:11:53] Finished 'script-js' after 31 ms
[11:11:56] Starting 'script-js'...
[11:11:56] Starting 'background-js'...
[11:11:56] Finished 'option-js' after 3.58 s
[11:11:56] Finished 'popup-js' after 3.59 s
[11:11:56] Finished 'background-js' after 43 ms
[11:11:56] Finished 'script-js' after 44 ms
[11:12:02] Starting 'popup-js'...
[11:12:02] Starting 'option-js'...
[11:12:02] Starting 'script-js'...
[11:12:02] Starting 'background-js'...
[11:12:02] Finished 'background-js' after 44 ms
[11:12:02] Finished 'script-js' after 45 ms
[11:12:06] Finished 'popup-js' after 3.8 s
[11:12:06] Finished 'option-js' after 3.8 s
[11:12:07] Starting 'popup-js'...
[11:12:07] Starting 'option-js'...
[11:12:07] Starting 'script-js'...
[11:12:07] Starting 'background-js'...
[11:12:07] Finished 'background-js' after 46 ms
[11:12:07] Finished 'script-js' after 48 ms
[11:12:10] Finished 'option-js' after 3.43 s
[11:12:10] Finished 'popup-js' after 3.43 s
[11:12:11] Starting 'popup-js'...
[11:12:11] Starting 'option-js'...
[11:12:11] Starting 'script-js'...
[11:12:11] Starting 'background-js'...
[11:12:11] Finished 'script-js' after 28 ms
[11:12:11] Finished 'background-js' after 27 ms
[11:12:15] Finished 'popup-js' after 3.41 s
[11:12:15] Finished 'option-js' after 3.4 s
[11:12:43] Starting 'popup-js'...
[11:12:43] Starting 'option-js'...
[11:12:43] Starting 'script-js'...
[11:12:43] Starting 'background-js'...

events.js:160
      throw er; // Unhandled 'error' event
      ^
GulpUglifyError: unable to minify JavaScript
    at createError (/Users/weilong/web/github/snail-hosts/node_modules/gulp-uglify/lib/create-error.js:6:14)
    at wrapper (/Users/weilong/web/github/snail-hosts/node_modules/lodash/_createHybrid.js:87:15)
    at trycatch (/Users/weilong/web/github/snail-hosts/node_modules/gulp-uglify/minifier.js:26:12)
    at DestroyableTransform.minify [as _transform] (/Users/weilong/web/github/snail-hosts/node_modules/gulp-uglify/minifier.js:79:19)
    at DestroyableTransform.Transform._read (/Users/weilong/web/github/snail-hosts/node_modules/readable-stream/lib/_stream_transform.js:159:10)
    at DestroyableTransform.Transform._write (/Users/weilong/web/github/snail-hosts/node_modules/readable-stream/lib/_stream_transform.js:147:83)
    at doWrite (/Users/weilong/web/github/snail-hosts/node_modules/readable-stream/lib/_stream_writable.js:345:64)
    at writeOrBuffer (/Users/weilong/web/github/snail-hosts/node_modules/readable-stream/lib/_stream_writable.js:334:5)
    at DestroyableTransform.Writable.write (/Users/weilong/web/github/snail-hosts/node_modules/readable-stream/lib/_stream_writable.js:271:11)
    at DestroyableTransform.ondata (/Users/weilong/web/github/snail-hosts/node_modules/readable-stream/lib/_stream_readable.js:546:20)

npm ERR! Darwin 16.6.0
npm ERR! argv "/usr/local/Cellar/node/6.9.1/bin/node" "/usr/local/bin/npm" "start"
npm ERR! node v6.9.1
npm ERR! npm  v3.10.8
npm ERR! code ELIFECYCLE
npm ERR! snail-hosts@0.1.3 start: `gulp`
npm ERR! Exit status 1
npm ERR! 
npm ERR! Failed at the snail-hosts@0.1.3 start script 'gulp'.
npm ERR! Make sure you have the latest version of node.js and npm installed.
npm ERR! If you do, this is most likely a problem with the snail-hosts package,
npm ERR! not with npm itself.
npm ERR! Tell the author that this fails on your system:
npm ERR!     gulp
npm ERR! You can get information on how to open an issue for this project with:
npm ERR!     npm bugs snail-hosts
npm ERR! Or if that isn't available, you can get their info via:
npm ERR!     npm owner ls snail-hosts
npm ERR! There is likely additional logging output above.

npm ERR! Please include the following file with any support request:
npm ERR!     /Users/weilong/web/github/snail-hosts/npm-debug.log

> snail-hosts@0.1.3 start /Users/weilong/web/github/snail-hosts
> gulp

[11:17:11] Using gulpfile ~/web/github/snail-hosts/gulpfile.js
[11:17:11] Starting 'option-js'...
[11:17:11] Starting 'popup-js'...
[11:17:11] Starting 'script-js'...
[11:17:11] Starting 'background-js'...
[11:17:11] Starting 'css'...
[11:17:11] Finished 'background-js' after 235 ms
[11:17:11] Finished 'script-js' after 239 ms
[11:17:11] Finished 'css' after 235 ms
[11:17:15] Finished 'popup-js' after 4.48 s
[11:17:15] Finished 'option-js' after 4.51 s
[11:17:15] Starting 'default'...
[11:17:15] Finished 'default' after 25 ms
[11:17:59] Starting 'popup-js'...
[11:17:59] Starting 'option-js'...
[11:17:59] Starting 'script-js'...
[11:17:59] Starting 'background-js'...
[11:17:59] Finished 'script-js' after 52 ms
[11:17:59] Finished 'background-js' after 50 ms
[11:18:02] Finished 'popup-js' after 3.25 s
[11:18:02] Finished 'option-js' after 3.24 s
[11:18:08] Starting 'popup-js'...
[11:18:08] Starting 'option-js'...
[11:18:08] Starting 'script-js'...
[11:18:08] Starting 'background-js'...
[11:18:08] Finished 'background-js' after 48 ms
[11:18:08] Finished 'script-js' after 50 ms
[11:18:10] Finished 'popup-js' after 2.55 s
[11:18:10] Finished 'option-js' after 2.55 s
[11:18:36] Starting 'popup-js'...
[11:18:36] Starting 'option-js'...
[11:18:36] Starting 'script-js'...
[11:18:36] Starting 'background-js'...
[11:18:36] Finished 'background-js' after 26 ms
[11:18:36] Finished 'script-js' after 27 ms
[11:18:38] Starting 'script-js'...
[11:18:38] Starting 'background-js'...
[11:18:38] Finished 'option-js' after 2.28 s
[11:18:38] Finished 'popup-js' after 2.28 s
[11:18:38] Finished 'script-js' after 24 ms
[11:18:38] Finished 'background-js' after 23 ms
[11:19:14] Starting 'popup-js'...
[11:19:14] Starting 'option-js'...
[11:19:14] Starting 'script-js'...
[11:19:14] Starting 'background-js'...
[11:19:14] Finished 'background-js' after 29 ms
[11:19:14] Finished 'script-js' after 30 ms
[11:19:17] Finished 'option-js' after 3.01 s
[11:19:17] Finished 'popup-js' after 3.01 s
[11:19:46] Starting 'popup-js'...
[11:19:46] Starting 'option-js'...
[11:19:46] Starting 'script-js'...
[11:19:46] Starting 'background-js'...
[11:19:46] Finished 'background-js' after 38 ms
[11:19:46] Finished 'script-js' after 39 ms
[11:19:48] Starting 'script-js'...
[11:19:48] Starting 'background-js'...
[11:19:48] Finished 'popup-js' after 2.46 s
[11:19:48] Finished 'option-js' after 2.46 s
[11:19:48] Finished 'script-js' after 28 ms
[11:19:48] Finished 'background-js' after 27 ms
[11:21:44] Starting 'popup-js'...
[11:21:44] Starting 'option-js'...
[11:21:44] Starting 'script-js'...
[11:21:44] Starting 'background-js'...
[11:21:44] Finished 'background-js' after 63 ms
[11:21:44] Finished 'script-js' after 67 ms
[11:21:47] Starting 'script-js'...
[11:21:47] Starting 'background-js'...
[11:21:47] Finished 'popup-js' after 3.24 s
[11:21:47] Finished 'option-js' after 3.19 s
[11:21:47] Finished 'script-js' after 26 ms
[11:21:47] Finished 'background-js' after 25 ms
[11:22:04] Starting 'popup-js'...
[11:22:04] Starting 'option-js'...
[11:22:04] Starting 'script-js'...
[11:22:04] Starting 'background-js'...
[11:22:04] Finished 'background-js' after 52 ms
[11:22:04] Finished 'script-js' after 53 ms
[11:22:07] Starting 'script-js'...
[11:22:07] Starting 'background-js'...
[11:22:07] Finished 'option-js' after 2.91 s
[11:22:07] Finished 'popup-js' after 2.91 s
[11:22:07] Finished 'background-js' after 31 ms
[11:22:07] Finished 'script-js' after 32 ms
[11:23:09] Starting 'popup-js'...
[11:23:09] Starting 'option-js'...
[11:23:09] Starting 'script-js'...
[11:23:09] Starting 'background-js'...
[11:23:09] Finished 'background-js' after 26 ms
[11:23:09] Finished 'script-js' after 28 ms
[11:23:12] Finished 'popup-js' after 3.17 s
[11:23:12] Finished 'option-js' after 3.17 s
[11:25:30] Starting 'popup-js'...
[11:25:30] Starting 'option-js'...
[11:25:30] Starting 'script-js'...
[11:25:30] Starting 'background-js'...
[11:25:30] Finished 'background-js' after 70 ms
[11:25:30] Finished 'script-js' after 72 ms
[11:25:34] Finished 'option-js' after 3.98 s
[11:25:34] Finished 'popup-js' after 3.99 s
[11:25:54] Starting 'popup-js'...
[11:25:54] Starting 'option-js'...
[11:25:54] Starting 'script-js'...
[11:25:54] Starting 'background-js'...
[11:25:55] Finished 'background-js' after 39 ms
[11:25:55] Finished 'script-js' after 42 ms
[11:25:57] Finished 'popup-js' after 2.88 s
[11:25:57] Finished 'option-js' after 2.88 s
[11:25:57] Starting 'popup-js'...
[11:25:57] Starting 'option-js'...
[11:25:57] Starting 'script-js'...
[11:25:57] Starting 'background-js'...
[11:25:57] Finished 'script-js' after 33 ms
[11:25:57] Finished 'background-js' after 32 ms
[11:26:00] Finished 'option-js' after 2.79 s
[11:26:00] Finished 'popup-js' after 2.8 s
[11:26:10] Starting 'popup-js'...
[11:26:10] Starting 'option-js'...
[11:26:10] Starting 'script-js'...
[11:26:10] Starting 'background-js'...
[11:26:11] Finished 'background-js' after 38 ms
[11:26:11] Finished 'script-js' after 39 ms
[11:26:13] Finished 'popup-js' after 2.79 s
[11:26:13] Finished 'option-js' after 2.78 s
[11:26:37] Starting 'popup-js'...
[11:26:37] Starting 'option-js'...
[11:26:37] Starting 'script-js'...
[11:26:37] Starting 'background-js'...
[11:26:37] Finished 'script-js' after 49 ms
[11:26:37] Finished 'background-js' after 48 ms
[11:26:40] Finished 'popup-js' after 3.56 s
[11:26:40] Finished 'option-js' after 3.56 s
[11:27:08] Starting 'popup-js'...
[11:27:08] Starting 'option-js'...
[11:27:08] Starting 'script-js'...
[11:27:08] Starting 'background-js'...
[11:27:08] Finished 'background-js' after 32 ms
[11:27:08] Finished 'script-js' after 35 ms
[11:27:11] Finished 'option-js' after 2.53 s
[11:27:11] Finished 'popup-js' after 2.54 s
[11:27:31] Starting 'popup-js'...
[11:27:31] Starting 'option-js'...
[11:27:31] Starting 'script-js'...
[11:27:31] Starting 'background-js'...
[11:27:31] Finished 'background-js' after 26 ms
[11:27:31] Finished 'script-js' after 27 ms
[11:27:33] Finished 'option-js' after 2.48 s
[11:27:33] Finished 'popup-js' after 2.48 s
[11:27:43] Starting 'popup-js'...
[11:27:43] Starting 'option-js'...
[11:27:43] Starting 'script-js'...
[11:27:43] Starting 'background-js'...
[11:27:43] Finished 'background-js' after 30 ms
[11:27:43] Finished 'script-js' after 31 ms
[11:27:46] Finished 'option-js' after 2.72 s
[11:27:46] Finished 'popup-js' after 2.73 s
[11:28:24] Starting 'popup-js'...
[11:28:24] Starting 'option-js'...
[11:28:24] Starting 'script-js'...
[11:28:24] Starting 'background-js'...
[11:28:24] Finished 'background-js' after 49 ms
[11:28:24] Finished 'script-js' after 52 ms
[11:28:27] Finished 'popup-js' after 2.79 s
[11:28:27] Finished 'option-js' after 2.78 s
[11:28:40] Starting 'popup-js'...
[11:28:40] Starting 'option-js'...
[11:28:40] Starting 'script-js'...
[11:28:40] Starting 'background-js'...
[11:28:40] Finished 'background-js' after 30 ms
[11:28:40] Finished 'script-js' after 31 ms
[11:28:43] Finished 'option-js' after 3.41 s
[11:28:43] Finished 'popup-js' after 3.41 s
[11:29:04] Starting 'popup-js'...
[11:29:04] Starting 'option-js'...
[11:29:04] Starting 'script-js'...
[11:29:04] Starting 'background-js'...
[11:29:04] Finished 'background-js' after 24 ms
[11:29:04] Finished 'script-js' after 26 ms
[11:29:07] Finished 'option-js' after 3.15 s
[11:29:07] Finished 'popup-js' after 3.15 s
[11:29:22] Starting 'popup-js'...
[11:29:22] Starting 'option-js'...
[11:29:22] Starting 'script-js'...
[11:29:22] Starting 'background-js'...
[11:29:22] Finished 'background-js' after 29 ms
[11:29:22] Finished 'script-js' after 30 ms
[11:29:25] Finished 'popup-js' after 2.42 s
[11:29:25] Finished 'option-js' after 2.42 s
[11:29:55] Starting 'popup-js'...
[11:29:55] Starting 'option-js'...
[11:29:55] Starting 'script-js'...
[11:29:55] Starting 'background-js'...
[11:29:55] Finished 'background-js' after 29 ms
[11:29:55] Finished 'script-js' after 30 ms
[11:29:58] Finished 'option-js' after 3.32 s
[11:29:58] Finished 'popup-js' after 3.32 s
[11:30:43] Starting 'popup-js'...
[11:30:43] Starting 'option-js'...
[11:30:43] Starting 'script-js'...
[11:30:43] Starting 'background-js'...
[11:30:43] Finished 'script-js' after 68 ms
[11:30:43] Finished 'background-js' after 66 ms
[11:30:46] Finished 'popup-js' after 3.43 s
[11:30:46] Finished 'option-js' after 3.42 s
[11:30:48] Starting 'popup-js'...
[11:30:48] Starting 'option-js'...
[11:30:48] Starting 'script-js'...
[11:30:48] Starting 'background-js'...
[11:30:48] Finished 'script-js' after 35 ms
[11:30:48] Finished 'background-js' after 34 ms
[11:30:51] Finished 'option-js' after 3.14 s
[11:30:51] Finished 'popup-js' after 3.15 s
[11:30:54] Starting 'popup-js'...
[11:30:54] Starting 'option-js'...
[11:30:54] Starting 'script-js'...
[11:30:54] Starting 'background-js'...
[11:30:54] Finished 'background-js' after 29 ms
[11:30:54] Finished 'script-js' after 31 ms
[11:30:58] Finished 'option-js' after 3.57 s
[11:30:58] Finished 'popup-js' after 3.58 s
[11:31:18] Starting 'popup-js'...
[11:31:18] Starting 'option-js'...
[11:31:18] Starting 'script-js'...
[11:31:18] Starting 'background-js'...
[11:31:18] Finished 'script-js' after 41 ms
[11:31:18] Finished 'background-js' after 41 ms
[11:31:21] Finished 'popup-js' after 2.82 s
[11:31:21] Finished 'option-js' after 2.81 s
[12:06:32] Starting 'popup-js'...
[12:06:32] Starting 'option-js'...
[12:06:32] Starting 'script-js'...
[12:06:32] Starting 'background-js'...
[12:06:32] Finished 'background-js' after 105 ms
[12:06:32] Finished 'script-js' after 106 ms
[12:06:35] Finished 'option-js' after 3.74 s
[12:06:35] Finished 'popup-js' after 3.76 s
[12:07:07] Starting 'popup-js'...
[12:07:07] Starting 'option-js'...
[12:07:07] Starting 'script-js'...
[12:07:07] Starting 'background-js'...
[12:07:07] Finished 'script-js' after 42 ms
[12:07:07] Finished 'background-js' after 39 ms
[12:07:10] Finished 'popup-js' after 2.94 s
[12:07:10] Finished 'option-js' after 2.94 s
[12:07:42] Starting 'popup-js'...
[12:07:42] Starting 'option-js'...
[12:07:42] Starting 'script-js'...
[12:07:42] Starting 'background-js'...
[12:07:42] Finished 'background-js' after 33 ms
[12:07:42] Finished 'script-js' after 36 ms
[12:07:45] Finished 'option-js' after 2.76 s
[12:07:45] Finished 'popup-js' after 2.76 s
[12:09:34] Starting 'popup-js'...
[12:09:34] Starting 'option-js'...
[12:09:34] Starting 'script-js'...
[12:09:34] Starting 'background-js'...
[12:09:34] Finished 'background-js' after 59 ms
[12:09:34] Finished 'script-js' after 61 ms
[12:09:38] Finished 'popup-js' after 3.6 s
[12:09:38] Finished 'option-js' after 3.59 s
[12:10:42] Starting 'popup-js'...
[12:10:42] Starting 'option-js'...
[12:10:42] Starting 'script-js'...
[12:10:42] Starting 'background-js'...
[12:10:42] Finished 'script-js' after 43 ms
[12:10:42] Finished 'background-js' after 40 ms
[12:10:46] Finished 'option-js' after 3.53 s
[12:10:46] Finished 'popup-js' after 3.54 s
[12:13:17] Starting 'popup-js'...
[12:13:17] Starting 'option-js'...
[12:13:17] Starting 'script-js'...
[12:13:17] Starting 'background-js'...

events.js:160
      throw er; // Unhandled 'error' event
      ^
GulpUglifyError: unable to minify JavaScript
    at createError (/Users/weilong/web/github/snail-hosts/node_modules/gulp-uglify/lib/create-error.js:6:14)
    at wrapper (/Users/weilong/web/github/snail-hosts/node_modules/lodash/_createHybrid.js:87:15)
    at trycatch (/Users/weilong/web/github/snail-hosts/node_modules/gulp-uglify/minifier.js:26:12)
    at DestroyableTransform.minify [as _transform] (/Users/weilong/web/github/snail-hosts/node_modules/gulp-uglify/minifier.js:79:19)
    at DestroyableTransform.Transform._read (/Users/weilong/web/github/snail-hosts/node_modules/readable-stream/lib/_stream_transform.js:159:10)
    at DestroyableTransform.Transform._write (/Users/weilong/web/github/snail-hosts/node_modules/readable-stream/lib/_stream_transform.js:147:83)
    at doWrite (/Users/weilong/web/github/snail-hosts/node_modules/readable-stream/lib/_stream_writable.js:345:64)
    at writeOrBuffer (/Users/weilong/web/github/snail-hosts/node_modules/readable-stream/lib/_stream_writable.js:334:5)
    at DestroyableTransform.Writable.write (/Users/weilong/web/github/snail-hosts/node_modules/readable-stream/lib/_stream_writable.js:271:11)
    at DestroyableTransform.ondata (/Users/weilong/web/github/snail-hosts/node_modules/readable-stream/lib/_stream_readable.js:546:20)

npm ERR! Darwin 16.6.0
npm ERR! argv "/usr/local/Cellar/node/6.9.1/bin/node" "/usr/local/bin/npm" "start"
npm ERR! node v6.9.1
npm ERR! npm  v3.10.8
npm ERR! code ELIFECYCLE
npm ERR! snail-hosts@0.1.3 start: `gulp`
npm ERR! Exit status 1
npm ERR! 
npm ERR! Failed at the snail-hosts@0.1.3 start script 'gulp'.
npm ERR! Make sure you have the latest version of node.js and npm installed.
npm ERR! If you do, this is most likely a problem with the snail-hosts package,
npm ERR! not with npm itself.
npm ERR! Tell the author that this fails on your system:
npm ERR!     gulp
npm ERR! You can get information on how to open an issue for this project with:
npm ERR!     npm bugs snail-hosts
npm ERR! Or if that isn't available, you can get their info via:
npm ERR!     npm owner ls snail-hosts
npm ERR! There is likely additional logging output above.

npm ERR! Please include the following file with any support request:
npm ERR!     /Users/weilong/web/github/snail-hosts/npm-debug.log

> snail-hosts@0.1.3 start /Users/weilong/web/github/snail-hosts
> gulp

[12:14:53] Using gulpfile ~/web/github/snail-hosts/gulpfile.js
[12:14:53] Starting 'option-js'...
[12:14:53] Starting 'popup-js'...
[12:14:53] Starting 'script-js'...
[12:14:53] Starting 'background-js'...
[12:14:53] Starting 'css'...

events.js:160
      throw er; // Unhandled 'error' event
      ^
GulpUglifyError: unable to minify JavaScript
    at createError (/Users/weilong/web/github/snail-hosts/node_modules/gulp-uglify/lib/create-error.js:6:14)
    at wrapper (/Users/weilong/web/github/snail-hosts/node_modules/lodash/_createHybrid.js:87:15)
    at trycatch (/Users/weilong/web/github/snail-hosts/node_modules/gulp-uglify/minifier.js:26:12)
    at DestroyableTransform.minify [as _transform] (/Users/weilong/web/github/snail-hosts/node_modules/gulp-uglify/minifier.js:79:19)
    at DestroyableTransform.Transform._read (/Users/weilong/web/github/snail-hosts/node_modules/readable-stream/lib/_stream_transform.js:159:10)
    at DestroyableTransform.Transform._write (/Users/weilong/web/github/snail-hosts/node_modules/readable-stream/lib/_stream_transform.js:147:83)
    at doWrite (/Users/weilong/web/github/snail-hosts/node_modules/readable-stream/lib/_stream_writable.js:345:64)
    at writeOrBuffer (/Users/weilong/web/github/snail-hosts/node_modules/readable-stream/lib/_stream_writable.js:334:5)
    at DestroyableTransform.Writable.write (/Users/weilong/web/github/snail-hosts/node_modules/readable-stream/lib/_stream_writable.js:271:11)
    at DestroyableTransform.ondata (/Users/weilong/web/github/snail-hosts/node_modules/readable-stream/lib/_stream_readable.js:546:20)

npm ERR! Darwin 16.6.0
npm ERR! argv "/usr/local/Cellar/node/6.9.1/bin/node" "/usr/local/bin/npm" "start"
npm ERR! node v6.9.1
npm ERR! npm  v3.10.8
npm ERR! code ELIFECYCLE
npm ERR! snail-hosts@0.1.3 start: `gulp`
npm ERR! Exit status 1
npm ERR! 
npm ERR! Failed at the snail-hosts@0.1.3 start script 'gulp'.
npm ERR! Make sure you have the latest version of node.js and npm installed.
npm ERR! If you do, this is most likely a problem with the snail-hosts package,
npm ERR! not with npm itself.
npm ERR! Tell the author that this fails on your system:
npm ERR!     gulp
npm ERR! You can get information on how to open an issue for this project with:
npm ERR!     npm bugs snail-hosts
npm ERR! Or if that isn't available, you can get their info via:
npm ERR!     npm owner ls snail-hosts
npm ERR! There is likely additional logging output above.

npm ERR! Please include the following file with any support request:
npm ERR!     /Users/weilong/web/github/snail-hosts/npm-debug.log

> snail-hosts@0.1.3 start /Users/weilong/web/github/snail-hosts
> gulp

[16:25:55] Using gulpfile ~/web/github/snail-hosts/gulpfile.js
[16:25:55] Starting 'option-js'...
[16:25:55] Starting 'popup-js'...
[16:25:55] Starting 'script-js'...
[16:25:55] Starting 'background-js'...
[16:25:55] Starting 'css'...
[16:25:55] Finished 'script-js' after 221 ms
[16:25:55] Finished 'background-js' after 224 ms
[16:25:55] Finished 'css' after 224 ms
[16:25:59] Finished 'option-js' after 4.06 s
[16:25:59] Finished 'popup-js' after 4.04 s
[16:25:59] Starting 'default'...
[16:25:59] Finished 'default' after 22 ms
